# JRE version: Java(TM) SE Runtime Environment (8.0_161-b12) (build 1.8.0_161-b12)
# Java VM: Java HotSpot(TM) Client VM (25.161-b12 mixed mode windows-x86 )
Heap:
 def new generation   total 150336K, used 0K [0x04800000, 0x0eb20000, 0x19d50000)
  eden space 133632K,   0% used [0x04800000, 0x04800000, 0x0ca80000)
  from space 16704K,   0% used [0x0ca80000, 0x0ca80000, 0x0dad0000)
  to   space 16704K,   0% used [0x0dad0000, 0x0dad0000, 0x0eb20000)
 tenured generation   total 349648K, used 186736K [0x19d50000, 0x2f2c4000, 0x44800000)
   the space 349648K,  53% used [0x19d50000, 0x253ac0b8, 0x253ac200, 0x2f2c4000)
 Metaspace       used 80639K, capacity 83964K, committed 94848K, reserved 95616K
GC Heap History (10 events):
Event: 21123.875 GC heap after
Heap after GC invocations=350 (full 19):
 def new generation   total 150336K, used 7933K [0x04800000, 0x0eb20000, 0x19d50000)
  eden space 133632K,   0% used [0x04800000, 0x04800000, 0x0ca80000)
  from space 16704K,  47% used [0x0dad0000, 0x0e28f508, 0x0eb20000)
  to   space 16704K,   0% used [0x0ca80000, 0x0ca80000, 0x0dad0000)
 tenured generation   total 333776K, used 238977K [0x19d50000, 0x2e344000, 0x44800000)
   the space 333776K,  71% used [0x19d50000, 0x286b0420, 0x286b0600, 0x2e344000)
 Metaspace       used 80048K, capacity 83355K, committed 94848K, reserved 95616K
}
Event: 21150.490 GC heap before
{Heap before GC invocations=350 (full 19):
 def new generation   total 150336K, used 141565K [0x04800000, 0x0eb20000, 0x19d50000)
  eden space 133632K, 100% used [0x04800000, 0x0ca80000, 0x0ca80000)
  from space 16704K,  47% used [0x0dad0000, 0x0e28f508, 0x0eb20000)
  to   space 16704K,   0% used [0x0ca80000, 0x0ca80000, 0x0dad0000)
 tenured generation   total 333776K, used 238977K [0x19d50000, 0x2e344000, 0x44800000)
   the space 333776K,  71% used [0x19d50000, 0x286b0420, 0x286b0600, 0x2e344000)
 Metaspace       used 80049K, capacity 83355K, committed 94848K, reserved 95616K
Event: 21150.572 GC heap after
Heap after GC invocations=351 (full 19):
 def new generation   total 150336K, used 8407K [0x04800000, 0x0eb20000, 0x19d50000)
  eden space 133632K,   0% used [0x04800000, 0x04800000, 0x0ca80000)
  from space 16704K,  50% used [0x0ca80000, 0x0d2b5e90, 0x0dad0000)
  to   space 16704K,   0% used [0x0dad0000, 0x0dad0000, 0x0eb20000)
 tenured generation   total 333776K, used 238977K [0x19d50000, 0x2e344000, 0x44800000)
   the space 333776K,  71% used [0x19d50000, 0x286b0420, 0x286b0600, 0x2e344000)
 Metaspace       used 80049K, capacity 83355K, committed 94848K, reserved 95616K
}
Event: 21155.809 GC heap before
{Heap before GC invocations=351 (full 19):
 def new generation   total 150336K, used 142039K [0x04800000, 0x0eb20000, 0x19d50000)
  eden space 133632K, 100% used [0x04800000, 0x0ca80000, 0x0ca80000)
  from space 16704K,  50% used [0x0ca80000, 0x0d2b5e90, 0x0dad0000)
  to   space 16704K,   0% used [0x0dad0000, 0x0dad0000, 0x0eb20000)
 tenured generation   total 333776K, used 238977K [0x19d50000, 0x2e344000, 0x44800000)
   the space 333776K,  71% used [0x19d50000, 0x286b0420, 0x286b0600, 0x2e344000)
 Metaspace       used 80492K, capacity 83804K, committed 94848K, reserved 95616K
Event: 21156.053 GC heap after
Heap after GC invocations=352 (full 19):
 def new generation   total 150336K, used 16704K [0x04800000, 0x0eb20000, 0x19d50000)
  eden space 133632K,   0% used [0x04800000, 0x04800000, 0x0ca80000)
  from space 16704K, 100% used [0x0dad0000, 0x0eb20000, 0x0eb20000)
  to   space 16704K,   0% used [0x0ca80000, 0x0ca80000, 0x0dad0000)
 tenured generation   total 333776K, used 255055K [0x19d50000, 0x2e344000, 0x44800000)
   the space 333776K,  76% used [0x19d50000, 0x29663f70, 0x29664000, 0x2e344000)
 Metaspace       used 80492K, capacity 83804K, committed 94848K, reserved 95616K
}
Event: 21157.219 GC heap before
{Heap before GC invocations=352 (full 19):
 def new generation   total 150336K, used 150336K [0x04800000, 0x0eb20000, 0x19d50000)
  eden space 133632K, 100% used [0x04800000, 0x0ca80000, 0x0ca80000)
  from space 16704K, 100% used [0x0dad0000, 0x0eb20000, 0x0eb20000)
  to   space 16704K,   0% used [0x0ca80000, 0x0ca80000, 0x0dad0000)
 tenured generation   total 333776K, used 255055K [0x19d50000, 0x2e344000, 0x44800000)
   the space 333776K,  76% used [0x19d50000, 0x29663f70, 0x29664000, 0x2e344000)
 Metaspace       used 80507K, capacity 83836K, committed 94848K, reserved 95616K
Event: 21157.679 GC heap after
Heap after GC invocations=353 (full 19):
 def new generation   total 150336K, used 16704K [0x04800000, 0x0eb20000, 0x19d50000)
  eden space 133632K,   0% used [0x04800000, 0x04800000, 0x0ca80000)
  from space 16704K, 100% used [0x0ca80000, 0x0dad0000, 0x0dad0000)
  to   space 16704K,   0% used [0x0dad0000, 0x0dad0000, 0x0eb20000)
 tenured generation   total 333776K, used 306595K [0x19d50000, 0x2e344000, 0x44800000)
   the space 333776K,  91% used [0x19d50000, 0x2c8b8fc0, 0x2c8b9000, 0x2e344000)
 Metaspace       used 80507K, capacity 83836K, committed 94848K, reserved 95616K
}
Event: 21161.466 GC heap before
{Heap before GC invocations=353 (full 19):
 def new generation   total 150336K, used 150336K [0x04800000, 0x0eb20000, 0x19d50000)
  eden space 133632K, 100% used [0x04800000, 0x0ca80000, 0x0ca80000)
  from space 16704K, 100% used [0x0ca80000, 0x0dad0000, 0x0dad0000)
  to   space 16704K,   0% used [0x0dad0000, 0x0dad0000, 0x0eb20000)
 tenured generation   total 333776K, used 306595K [0x19d50000, 0x2e344000, 0x44800000)
   the space 333776K,  91% used [0x19d50000, 0x2c8b8fc0, 0x2c8b9000, 0x2e344000)
 Metaspace       used 80572K, capacity 83900K, committed 94848K, reserved 95616K
Event: 21161.817 GC heap after
Heap after GC invocations=354 (full 19):
 def new generation   total 150336K, used 16704K [0x04800000, 0x0eb20000, 0x19d50000)
  eden space 133632K,   0% used [0x04800000, 0x04800000, 0x0ca80000)
  from space 16704K, 100% used [0x0dad0000, 0x0eb20000, 0x0eb20000)
  to   space 16704K,   0% used [0x0ca80000, 0x0ca80000, 0x0dad0000)
 tenured generation   total 333776K, used 332920K [0x19d50000, 0x2e344000, 0x44800000)
   the space 333776K,  99% used [0x19d50000, 0x2e26e348, 0x2e26e400, 0x2e344000)
 Metaspace       used 80572K, capacity 83900K, committed 94848K, reserved 95616K
}
Event: 21168.929 GC heap before
{Heap before GC invocations=354 (full 19):
 def new generation   total 150336K, used 150336K [0x04800000, 0x0eb20000, 0x19d50000)
  eden space 133632K, 100% used [0x04800000, 0x0ca80000, 0x0ca80000)
  from space 16704K, 100% used [0x0dad0000, 0x0eb20000, 0x0eb20000)
  to   space 16704K,   0% used [0x0ca80000, 0x0ca80000, 0x0dad0000)
 tenured generation   total 333776K, used 332920K [0x19d50000, 0x2e344000, 0x44800000)
   the space 333776K,  99% used [0x19d50000, 0x2e26e348, 0x2e26e400, 0x2e344000)
 Metaspace       used 80639K, capacity 83964K, committed 94848K, reserved 95616K

